GeoQuiz/app/build/intermediates/manifest_merge_blame_file/debug/manifest-merger-blame-debug-report.txt
1<?xml version="1.0" encoding="utf-8"?>
2<manifest xmlns:android="http://schemas.android.com/apk/res/android"
3    package="com.example.lab4"
4    android:versionCode="1"
5    android:versionName="1.0" >
6
7    <uses-sdk
8        android:minSdkVersion="24"
8-->src\main\AndroidManifest.xml
9        android:targetSdkVersion="30" />
9-->src\main\AndroidManifest.xml
10
11    <uses-permission android:name="android.permission.WAKE_LOCK" />
11-->[androidx.work:work-runtime:2.6.0] AndroidManifest.xml:25:5-68
11-->[androidx.work:work-runtime:2.6.0] AndroidManifest.xml:25:22-65
12    <uses-permission android:name="android.permission.ACCESS_NETWORK_STATE" />
12-->[androidx.work:work-runtime:2.6.0] AndroidManifest.xml:26:5-79
12-->[androidx.work:work-runtime:2.6.0] AndroidManifest.xml:26:22-76
13    <uses-permission android:name="android.permission.RECEIVE_BOOT_COMPLETED" />
13-->[androidx.work:work-runtime:2.6.0] AndroidManifest.xml:27:5-81
13-->[androidx.work:work-runtime:2.6.0] AndroidManifest.xml:27:22-78
14    <uses-permission android:name="android.permission.FOREGROUND_SERVICE" />
14-->[androidx.work:work-runtime:2.6.0] AndroidManifest.xml:28:5-77
14-->[androidx.work:work-runtime:2.6.0] AndroidManifest.xml:28:22-74
15
16    <application
16-->src\main\AndroidManifest.xml:5:5-24:19
17        android:allowBackup="true"
17-->src\main\AndroidManifest.xml:6:9-35
18        android:appComponentFactory="androidx.core.app.CoreComponentFactory"
18-->[androidx.core:core:1.6.0] AndroidManifest.xml:24:18-86
19        android:debuggable="true"
20        android:extractNativeLibs="false"
21        android:icon="@mipmap/ic_launcher"
21-->src\main\AndroidManifest.xml:7:9-43
22        android:label="@string/appName"
22-->src\main\AndroidManifest.xml:8:9-40
23        android:roundIcon="@mipmap/ic_launcher_round"
23-->src\main\AndroidManifest.xml:9:9-54
24        android:supportsRtl="true"
24-->src\main\AndroidManifest.xml:10:9-35
25        android:testOnly="true"
26        android:theme="@style/Theme.Lab4" >
26-->src\main\AndroidManifest.xml:11:9-42
27        <activity
27-->src\main\AndroidManifest.xml:12:9-20:20
28            android:name="com.example.lab4.MainActivity"
28-->src\main\AndroidManifest.xml:13:13-41
29            android:exported="true" >
29-->src\main\AndroidManifest.xml:14:13-36
30            <intent-filter>
30-->src\main\AndroidManifest.xml:15:13-19:29
31                <action android:name="android.intent.action.MAIN" />
31-->src\main\AndroidManifest.xml:16:17-69
31-->src\main\AndroidManifest.xml:16:25-66
32
33                <category android:name="android.intent.category.LAUNCHER" />
33-->src\main\AndroidManifest.xml:18:17-77
33-->src\main\AndroidManifest.xml:18:27-74
34            </intent-filter>
35        </activity>
36        <activity
36-->src\main\AndroidManifest.xml:21:9-23:40
37            android:name="com.example.lab4.SecondActivity"
37-->src\main\AndroidManifest.xml:22:13-43
38            android:exported="false" />
38-->src\main\AndroidManifest.xml:23:13-37
39
40        <provider
40-->[androidx.work:work-runtime:2.6.0] AndroidManifest.xml:31:9-39:20
41            android:name="androidx.startup.InitializationProvider"
41-->[androidx.work:work-runtime:2.6.0] AndroidManifest.xml:32:13-67
42            android:authorities="com.example.lab4.androidx-startup"
42-->[androidx.work:work-runtime:2.6.0] AndroidManifest.xml:33:13-68
43            android:exported="false" >
43-->[androidx.work:work-runtime:2.6.0] AndroidManifest.xml:34:13-37
44            <meta-data
44-->[androidx.work:work-runtime:2.6.0] AndroidManifest.xml:36:13-38:52
45                android:name="androidx.work.WorkManagerInitializer"
45-->[androidx.work:work-runtime:2.6.0] AndroidManifest.xml:37:17-68
46                android:value="androidx.startup" />
46-->[androidx.work:work-runtime:2.6.0] AndroidManifest.xml:38:17-49
47        </provider>
48
49        <service
49-->[androidx.work:work-runtime:2.6.0] AndroidManifest.xml:41:9-46:35
50            android:name="androidx.work.impl.background.systemalarm.SystemAlarmService"
50-->[androidx.work:work-runtime:2.6.0] AndroidManifest.xml:42:13-88
51            android:directBootAware="false"
51-->[androidx.work:work-runtime:2.6.0] AndroidManifest.xml:43:13-44
52            android:enabled="@bool/enable_system_alarm_service_default"
52-->[androidx.work:work-runtime:2.6.0] AndroidManifest.xml:44:13-72
53            android:exported="false" />
53-->[androidx.work:work-runtime:2.6.0] AndroidManifest.xml:45:13-37
54        <service
54-->[androidx.work:work-runtime:2.6.0] AndroidManifest.xml:47:9-53:35
55            android:name="androidx.work.impl.background.systemjob.SystemJobService"
55-->[androidx.work:work-runtime:2.6.0] AndroidManifest.xml:48:13-84
56            android:directBootAware="false"
56-->[androidx.work:work-runtime:2.6.0] AndroidManifest.xml:49:13-44
57            android:enabled="@bool/enable_system_job_service_default"
57-->[androidx.work:work-runtime:2.6.0] AndroidManifest.xml:50:13-70
58            android:exported="true"
58-->[androidx.work:work-runtime:2.6.0] AndroidManifest.xml:51:13-36
59            android:permission="android.permission.BIND_JOB_SERVICE" />
59-->[androidx.work:work-runtime:2.6.0] AndroidManifest.xml:52:13-69
60        <service
60-->[androidx.work:work-runtime:2.6.0] AndroidManifest.xml:54:9-59:35
61            android:name="androidx.work.impl.foreground.SystemForegroundService"
61-->[androidx.work:work-runtime:2.6.0] AndroidManifest.xml:55:13-81
62            android:directBootAware="false"
62-->[androidx.work:work-runtime:2.6.0] AndroidManifest.xml:56:13-44
63            android:enabled="@bool/enable_system_foreground_service_default"
63-->[androidx.work:work-runtime:2.6.0] AndroidManifest.xml:57:13-77
64            android:exported="false" />
64-->[androidx.work:work-runtime:2.6.0] AndroidManifest.xml:58:13-37
65
66        <receiver
66-->[androidx.work:work-runtime:2.6.0] AndroidManifest.xml:61:9-66:35
67            android:name="androidx.work.impl.utils.ForceStopRunnable$BroadcastReceiver"
67-->[androidx.work:work-runtime:2.6.0] AndroidManifest.xml:62:13-88
68            android:directBootAware="false"
68-->[androidx.work:work-runtime:2.6.0] AndroidManifest.xml:63:13-44
69            android:enabled="true"
69-->[androidx.work:work-runtime:2.6.0] AndroidManifest.xml:64:13-35
70            android:exported="false" />
70-->[androidx.work:work-runtime:2.6.0] AndroidManifest.xml:65:13-37
71        <receiver
71-->[androidx.work:work-runtime:2.6.0] AndroidManifest.xml:67:9-77:20
72            android:name="androidx.work.impl.background.systemalarm.ConstraintProxy$BatteryChargingProxy"
72-->[androidx.work:work-runtime:2.6.0] AndroidManifest.xml:68:13-106
73            android:directBootAware="false"
73-->[androidx.work:work-runtime:2.6.0] AndroidManifest.xml:69:13-44
74            android:enabled="false"
74-->[androidx.work:work-runtime:2.6.0] AndroidManifest.xml:70:13-36
75            android:exported="false" >
75-->[androidx.work:work-runtime:2.6.0] AndroidManifest.xml:71:13-37
76            <intent-filter>
76-->[androidx.work:work-runtime:2.6.0] AndroidManifest.xml:73:13-76:29
77                <action android:name="android.intent.action.ACTION_POWER_CONNECTED" />
77-->[androidx.work:work-runtime:2.6.0] AndroidManifest.xml:74:17-87
77-->[androidx.work:work-runtime:2.6.0] AndroidManifest.xml:74:25-84
78                <action android:name="android.intent.action.ACTION_POWER_DISCONNECTED" />
78-->[androidx.work:work-runtime:2.6.0] AndroidManifest.xml:75:17-90
78-->[androidx.work:work-runtime:2.6.0] AndroidManifest.xml:75:25-87
79            </intent-filter>
80        </receiver>
81        <receiver
81-->[androidx.work:work-runtime:2.6.0] AndroidManifest.xml:78:9-88:20
82            android:name="androidx.work.impl.background.systemalarm.ConstraintProxy$BatteryNotLowProxy"
82-->[androidx.work:work-runtime:2.6.0] AndroidManifest.xml:79:13-104
83            android:directBootAware="false"
83-->[androidx.work:work-runtime:2.6.0] AndroidManifest.xml:80:13-44
84            android:enabled="false"
84-->[androidx.work:work-runtime:2.6.0] AndroidManifest.xml:81:13-36
85            android:exported="false" >
85-->[androidx.work:work-runtime:2.6.0] AndroidManifest.xml:82:13-37
86            <intent-filter>
86-->[androidx.work:work-runtime:2.6.0] AndroidManifest.xml:84:13-87:29
87                <action android:name="android.intent.action.BATTERY_OKAY" />
87-->[androidx.work:work-runtime:2.6.0] AndroidManifest.xml:85:17-77
87-->[androidx.work:work-runtime:2.6.0] AndroidManifest.xml:85:25-74
88                <action android:name="android.intent.action.BATTERY_LOW" />
88-->[androidx.work:work-runtime:2.6.0] AndroidManifest.xml:86:17-76
88-->[androidx.work:work-runtime:2.6.0] AndroidManifest.xml:86:25-73
89            </intent-filter>
90        </receiver>
91        <receiver
91-->[androidx.work:work-runtime:2.6.0] AndroidManifest.xml:89:9-99:20
92            android:name="androidx.work.impl.background.systemalarm.ConstraintProxy$StorageNotLowProxy"
92-->[androidx.work:work-runtime:2.6.0] AndroidManifest.xml:90:13-104
93            android:directBootAware="false"
93-->[androidx.work:work-runtime:2.6.0] AndroidManifest.xml:91:13-44
94            android:enabled="false"
94-->[androidx.work:work-runtime:2.6.0] AndroidManifest.xml:92:13-36
95            android:exported="false" >
95-->[androidx.work:work-runtime:2.6.0] AndroidManifest.xml:93:13-37
96            <intent-filter>
96-->[androidx.work:work-runtime:2.6.0] AndroidManifest.xml:95:13-98:29
97                <action android:name="android.intent.action.DEVICE_STORAGE_LOW" />
97-->[androidx.work:work-runtime:2.6.0] AndroidManifest.xml:96:17-83
97-->[androidx.work:work-runtime:2.6.0] AndroidManifest.xml:96:25-80
98                <action android:name="android.intent.action.DEVICE_STORAGE_OK" />
98-->[androidx.work:work-runtime:2.6.0] AndroidManifest.xml:97:17-82
98-->[androidx.work:work-runtime:2.6.0] AndroidManifest.xml:97:25-79
99            </intent-filter>
100        </receiver>
101        <receiver
101-->[androidx.work:work-runtime:2.6.0] AndroidManifest.xml:100:9-109:20
102            android:name="androidx.work.impl.background.systemalarm.ConstraintProxy$NetworkStateProxy"
102-->[androidx.work:work-runtime:2.6.0] AndroidManifest.xml:101:13-103
103            android:directBootAware="false"
103-->[androidx.work:work-runtime:2.6.0] AndroidManifest.xml:102:13-44
104            android:enabled="false"
104-->[androidx.work:work-runtime:2.6.0] AndroidManifest.xml:103:13-36
105            android:exported="false" >
105-->[androidx.work:work-runtime:2.6.0] AndroidManifest.xml:104:13-37
106            <intent-filter>
106-->[androidx.work:work-runtime:2.6.0] AndroidManifest.xml:106:13-108:29
107                <action android:name="android.net.conn.CONNECTIVITY_CHANGE" />
107-->[androidx.work:work-runtime:2.6.0] AndroidManifest.xml:107:17-79
107-->[androidx.work:work-runtime:2.6.0] AndroidManifest.xml:107:25-76
108            </intent-filter>
109        </receiver>
110        <receiver
110-->[androidx.work:work-runtime:2.6.0] AndroidManifest.xml:110:9-121:20
111            android:name="androidx.work.impl.background.systemalarm.RescheduleReceiver"
111-->[androidx.work:work-runtime:2.6.0] AndroidManifest.xml:111:13-88
112            android:directBootAware="false"
112-->[androidx.work:work-runtime:2.6.0] AndroidManifest.xml:112:13-44
113            android:enabled="false"
113-->[androidx.work:work-runtime:2.6.0] AndroidManifest.xml:113:13-36
114            android:exported="false" >
114-->[androidx.work:work-runtime:2.6.0] AndroidManifest.xml:114:13-37
115            <intent-filter>
115-->[androidx.work:work-runtime:2.6.0] AndroidManifest.xml:116:13-120:29
116                <action android:name="android.intent.action.BOOT_COMPLETED" />
116-->[androidx.work:work-runtime:2.6.0] AndroidManifest.xml:117:17-79
116-->[androidx.work:work-runtime:2.6.0] AndroidManifest.xml:117:25-76
117                <action android:name="android.intent.action.TIME_SET" />
117-->[androidx.work:work-runtime:2.6.0] AndroidManifest.xml:118:17-73
117-->[androidx.work:work-runtime:2.6.0] AndroidManifest.xml:118:25-70
118                <action android:name="android.intent.action.TIMEZONE_CHANGED" />
118-->[androidx.work:work-runtime:2.6.0] AndroidManifest.xml:119:17-81
118-->[androidx.work:work-runtime:2.6.0] AndroidManifest.xml:119:25-78
119            </intent-filter>
120        </receiver>
121        <receiver
121-->[androidx.work:work-runtime:2.6.0] AndroidManifest.xml:122:9-131:20
122            android:name="androidx.work.impl.background.systemalarm.ConstraintProxyUpdateReceiver"
122-->[androidx.work:work-runtime:2.6.0] AndroidManifest.xml:123:13-99
123            android:directBootAware="false"
123-->[androidx.work:work-runtime:2.6.0] AndroidManifest.xml:124:13-44
124            android:enabled="@bool/enable_system_alarm_service_default"
124-->[androidx.work:work-runtime:2.6.0] AndroidManifest.xml:125:13-72
125            android:exported="false" >
125-->[androidx.work:work-runtime:2.6.0] AndroidManifest.xml:126:13-37
126            <intent-filter>
126-->[androidx.work:work-runtime:2.6.0] AndroidManifest.xml:128:13-130:29
127                <action android:name="androidx.work.impl.background.systemalarm.UpdateProxies" />
127-->[androidx.work:work-runtime:2.6.0] AndroidManifest.xml:129:17-98
127-->[androidx.work:work-runtime:2.6.0] AndroidManifest.xml:129:25-95
128            </intent-filter>
129        </receiver>
130        <receiver
130-->[androidx.work:work-runtime:2.6.0] AndroidManifest.xml:132:9-142:20
131            android:name="androidx.work.impl.diagnostics.DiagnosticsReceiver"
131-->[androidx.work:work-runtime:2.6.0] AndroidManifest.xml:133:13-78
132            android:directBootAware="false"
132-->[androidx.work:work-runtime:2.6.0] AndroidManifest.xml:134:13-44
133            android:enabled="true"
133-->[androidx.work:work-runtime:2.6.0] AndroidManifest.xml:135:13-35
134            android:exported="true"
134-->[androidx.work:work-runtime:2.6.0] AndroidManifest.xml:136:13-36
135            android:permission="android.permission.DUMP" >
135-->[androidx.work:work-runtime:2.6.0] AndroidManifest.xml:137:13-57
136            <intent-filter>
136-->[androidx.work:work-runtime:2.6.0] AndroidManifest.xml:139:13-141:29
137                <action android:name="androidx.work.diagnostics.REQUEST_DIAGNOSTICS" />
137-->[androidx.work:work-runtime:2.6.0] AndroidManifest.xml:140:17-88
137-->[androidx.work:work-runtime:2.6.0] AndroidManifest.xml:140:25-85
138            </intent-filter>
139        </receiver>
140
141        <provider
141-->[androidx.lifecycle:lifecycle-process:2.0.0] AndroidManifest.xml:23:9-27:43
142            android:name="androidx.lifecycle.ProcessLifecycleOwnerInitializer"
142-->[androidx.lifecycle:lifecycle-process:2.0.0] AndroidManifest.xml:24:13-79
143            android:authorities="com.example.lab4.lifecycle-process"
143-->[androidx.lifecycle:lifecycle-process:2.0.0] AndroidManifest.xml:25:13-69
144            android:exported="false"
144-->[androidx.lifecycle:lifecycle-process:2.0.0] AndroidManifest.xml:26:13-37
145            android:multiprocess="true" />
145-->[androidx.lifecycle:lifecycle-process:2.0.0] AndroidManifest.xml:27:13-40
146
147        <service
147-->[androidx.room:room-runtime:2.2.5] AndroidManifest.xml:25:9-28:40
148            android:name="androidx.room.MultiInstanceInvalidationService"
148-->[androidx.room:room-runtime:2.2.5] AndroidManifest.xml:26:13-74
149            android:directBootAware="true"
149-->[androidx.room:room-runtime:2.2.5] AndroidManifest.xml:27:13-43
150            android:exported="false" />
150-->[androidx.room:room-runtime:2.2.5] AndroidManifest.xml:28:13-37
151    </application>
152
153</manifest>